<?xml version="1.0" encoding="UTF-8"?>
<!-- Generated by org.testng.reporters.JUnitXMLReporter -->
<testsuite ignored="0" hostname="DESKTOP-494PFL6" failures="0" tests="7" name="Surefire test" time="54.326" errors="0" timestamp="2024-04-27T17:38:12 NZST">
  <testcase classname="com.pageObjectModel.RegistrationTest" name="bookFlitTicket" time="14.131"/>
  <testcase classname="dataDrivenTestig.TestCase" name="loginDDT" time="9.144"/>
  <testcase classname="dataDrivenTestig.TestCase" name="loginDDT" time="6.651"/>
  <testcase classname="dataDrivenTestig.TestCase" name="loginDDT" time="5.443"/>
  <testcase classname="dataDrivenTestig.TestCase" name="loginDDT" time="6.085"/>
  <testcase classname="test.FirstTest" name="TestFacebook" time="2.703"/>
  <testcase classname="test.FirstTest" name="TestGoogle" time="7.093"/>
</testsuite> <!-- Surefire test -->
