<?xml version="1.0" encoding="UTF-8"?>
<!-- Generated by org.testng.reporters.JUnitXMLReporter -->
<testsuite ignored="0" hostname="DESKTOP-494PFL6" failures="2" tests="6" name="Test" time="77.43" errors="0" timestamp="2024-04-26T19:42:41 NZST">
  <testcase classname="com.itnetBanking.testCases.java.TC_login_001" name="login" time="5.065"/>
  <testcase classname="com.itnetBanking.testCases.java.TC_loginDDT_002" name="loginDDT" time="10.516"/>
  <testcase classname="com.itnetBanking.testCases.java.TC_loginDDT_002" name="loginDDT" time="5.47">
    <failure type="java.lang.AssertionError" message="expected [true] but found [false]">
      <![CDATA[java.lang.AssertionError: expected [true] but found [false]
at com.itnetBanking.testCases.java.TC_loginDDT_002.loginDDT(TC_loginDDT_002.java:27)
at java.base/java.util.ArrayList.forEach(ArrayList.java:1541)
... Removed 31 stack frames]]>
    </failure>
  </testcase> <!-- loginDDT -->
  <testcase classname="com.itnetBanking.testCases.java.TC_loginDDT_002" name="loginDDT" time="5.291">
    <failure type="java.lang.AssertionError" message="expected [true] but found [false]">
      <![CDATA[java.lang.AssertionError: expected [true] but found [false]
at com.itnetBanking.testCases.java.TC_loginDDT_002.loginDDT(TC_loginDDT_002.java:27)
at java.base/java.util.ArrayList.forEach(ArrayList.java:1541)
... Removed 31 stack frames]]>
    </failure>
  </testcase> <!-- loginDDT -->
  <testcase classname="com.itnetBanking.testCases.java.TC_loginDDT_002" name="loginDDT" time="10.296"/>
  <testcase classname="com.itnetBanking.testCases.java.TC_AddCustomerTest_003" name="addNewCustomer" time="21.259"/>
</testsuite> <!-- Test -->
