<?xml version="1.0" encoding="UTF-8"?>
<!-- Generated by org.testng.reporters.JUnitXMLReporter -->
<testsuite ignored="0" hostname="DESKTOP-494PFL6" failures="1" tests="1" name="Test(failed)" time="12.634" errors="0" timestamp="2024-04-25T09:55:02 NZST">
  <testcase classname="com.itnetBanking.testCases.java.TC_login_001" name="login" time="4.936">
    <failure type="java.lang.AssertionError">
      <![CDATA[java.lang.AssertionError
at org.junit.Assert.fail(Assert.java:86)
at org.junit.Assert.assertTrue(Assert.java:41)
at org.junit.Assert.assertTrue(Assert.java:52)
at com.itnetBanking.testCases.java.TC_login_001.login(TC_login_001.java:31)
at java.base/java.util.ArrayList.forEach(ArrayList.java:1541)
... Removed 27 stack frames]]>
    </failure>
  </testcase> <!-- login -->
</testsuite> <!-- Test(failed) -->
