<?xml version="1.0" encoding="UTF-8"?>
<testng-results ignored="0" total="7" passed="7" failed="0" skipped="0">
  <reporter-output>
  </reporter-output>
  <suite started-at="2024-04-27T17:37:18 NZST" name="Surefire suite" finished-at="2024-04-27T17:38:12 NZST" duration-ms="54326">
    <groups>
    </groups>
    <test started-at="2024-04-27T17:37:18 NZST" name="Surefire test" finished-at="2024-04-27T17:38:12 NZST" duration-ms="54326">
      <class name="dataDrivenTestig.TestCase">
        <test-method signature="loginDDT(java.lang.String,java.lang.String)[pri:0, instance:dataDrivenTestig.TestCase@d6e7bab]" started-at="2024-04-27T17:37:35 NZST" name="loginDDT" data-provider="logindata" finished-at="2024-04-27T17:37:44 NZST" duration-ms="9144" status="PASS">
          <params>
            <param index="0">
              <value>
                <![CDATA[mngr567414]]>
              </value>
            </param>
            <param index="1">
              <value>
                <![CDATA[YgenYdU]]>
              </value>
            </param>
          </params>
          <reporter-output>
          </reporter-output>
        </test-method> <!-- loginDDT -->
        <test-method signature="loginDDT(java.lang.String,java.lang.String)[pri:0, instance:dataDrivenTestig.TestCase@d6e7bab]" started-at="2024-04-27T17:37:44 NZST" name="loginDDT" data-provider="logindata" finished-at="2024-04-27T17:37:51 NZST" duration-ms="6651" status="PASS">
          <params>
            <param index="0">
              <value>
                <![CDATA[jashdv]]>
              </value>
            </param>
            <param index="1">
              <value>
                <![CDATA[jadhbhas]]>
              </value>
            </param>
          </params>
          <reporter-output>
          </reporter-output>
        </test-method> <!-- loginDDT -->
        <test-method signature="loginDDT(java.lang.String,java.lang.String)[pri:0, instance:dataDrivenTestig.TestCase@d6e7bab]" started-at="2024-04-27T17:37:51 NZST" name="loginDDT" data-provider="logindata" finished-at="2024-04-27T17:37:56 NZST" duration-ms="5443" status="PASS">
          <params>
            <param index="0">
              <value>
                <![CDATA[duchfbdb]]>
              </value>
            </param>
            <param index="1">
              <value>
                <![CDATA[djkcskjdc]]>
              </value>
            </param>
          </params>
          <reporter-output>
          </reporter-output>
        </test-method> <!-- loginDDT -->
        <test-method signature="loginDDT(java.lang.String,java.lang.String)[pri:0, instance:dataDrivenTestig.TestCase@d6e7bab]" started-at="2024-04-27T17:37:56 NZST" name="loginDDT" data-provider="logindata" finished-at="2024-04-27T17:38:02 NZST" duration-ms="6085" status="PASS">
          <params>
            <param index="0">
              <value>
                <![CDATA[mngr567414]]>
              </value>
            </param>
            <param index="1">
              <value>
                <![CDATA[YgenYdU]]>
              </value>
            </param>
          </params>
          <reporter-output>
          </reporter-output>
        </test-method> <!-- loginDDT -->
      </class> <!-- dataDrivenTestig.TestCase -->
      <class name="test.FirstTest">
        <test-method signature="TestFacebook()[pri:0, instance:test.FirstTest@5fa07e12]" started-at="2024-04-27T17:38:02 NZST" name="TestFacebook" finished-at="2024-04-27T17:38:05 NZST" duration-ms="2703" status="PASS">
          <reporter-output>
          </reporter-output>
        </test-method> <!-- TestFacebook -->
        <test-method signature="TestGoogle()[pri:0, instance:test.FirstTest@5fa07e12]" started-at="2024-04-27T17:38:05 NZST" name="TestGoogle" finished-at="2024-04-27T17:38:12 NZST" duration-ms="7093" status="PASS">
          <reporter-output>
          </reporter-output>
        </test-method> <!-- TestGoogle -->
      </class> <!-- test.FirstTest -->
      <class name="com.pageObjectModel.RegistrationTest">
        <test-method signature="bookFlitTicket()[pri:0, instance:com.pageObjectModel.RegistrationTest@44a7bfbc]" started-at="2024-04-27T17:37:18 NZST" name="bookFlitTicket" finished-at="2024-04-27T17:37:32 NZST" duration-ms="14131" status="PASS">
          <reporter-output>
          </reporter-output>
        </test-method> <!-- bookFlitTicket -->
      </class> <!-- com.pageObjectModel.RegistrationTest -->
    </test> <!-- Surefire test -->
  </suite> <!-- Surefire suite -->
</testng-results>
