<?xml version="1.0" encoding="UTF-8"?>
<testsuite xmlns:xsi="http://www.w3.org/2001/XMLSchema-instance" xsi:noNamespaceSchemaLocation="https://maven.apache.org/surefire/maven-surefire-plugin/xsd/surefire-test-report.xsd" name="TestSuite" time="56.111" tests="7" errors="0" skipped="0" failures="0">
  <properties>
[...]
</properties>
  <testcase name="bookFlitTicket" classname="com.pageObjectModel.RegistrationTest" time="14.131"/>
  <testcase name="loginDDT" classname="dataDrivenTestig.TestCase" time="9.144"/>
  <testcase name="loginDDT" classname="dataDrivenTestig.TestCase" time="6.651"/>
  <testcase name="loginDDT" classname="dataDrivenTestig.TestCase" time="5.443"/>
  <testcase name="loginDDT" classname="dataDrivenTestig.TestCase" time="6.085"/>
  <testcase name="TestFacebook" classname="test.FirstTest" time="2.703"/>
  <testcase name="TestGoogle" classname="test.FirstTest" time="7.093"/>
</testsuite>